version: 1

#!RESULT OK
#!CONNECTION ldap://localhost:10389
#!DATE 2014-03-21T23:06:25.331
dn: dicomDeviceName=dcm4chee-arr,cn=Devices,cn=DICOM Configuration,dc=exampl
 e,dc=com
objectClass: top
objectClass: dicomDevice
objectClass: dcmDevice
dcmKeyStoreKeyPin: changeit
dcmKeyStorePin: changeit
dcmKeyStoreType: JKS
dcmKeyStoreURL: ${jboss.server.config.url}/dcm4chee-arr/key.jks
dicomDeviceName: dcm4chee-arr
dicomInstalled: TRUE

#!RESULT OK
#!CONNECTION ldap://localhost:10389
#!DATE 2014-03-21T23:06:26.016
dn: cn=Audit Logger,dicomDeviceName=dcm4chee-arr,cn=Devices,cn=DICOM Configu
 ration,dc=example,dc=com
objectClass: top
objectClass: dcmAuditLogger
cn: Audit Logger
dcmAuditMessageSchemaURI: http://www.dcm4che.org/DICOM/audit-message.rnc
dcmAuditRecordRepositoryDeviceReference: dicomDeviceName=syslog,cn=Devices,c
 n=DICOM Configuration,dc=example,dc=com
dcmAuditSourceTypeCode: 4
dicomNetworkConnectionReference: cn=audit-udp,dicomDeviceName=dcm4chee-arr,c
 n=Devices,cn=DICOM Configuration,dc=example,dc=com

#!RESULT OK
#!CONNECTION ldap://localhost:10389
#!DATE 2014-03-21T23:06:26.701
dn: cn=Audit Record Repository,dicomDeviceName=dcm4chee-arr,cn=Devices,cn=DI
 COM Configuration,dc=example,dc=com
objectClass: top
objectClass: dcmAuditRecordRepository
cn: Audit Record Repository
dicomNetworkConnectionReference: cn=audit-udp,dicomDeviceName=dcm4chee-arr,c
 n=Devices,cn=DICOM Configuration,dc=example,dc=com
dicomNetworkConnectionReference: cn=audit-tls,dicomDeviceName=dcm4chee-arr,c
 n=Devices,cn=DICOM Configuration,dc=example,dc=com

#!RESULT OK
#!CONNECTION ldap://localhost:10389
#!DATE 2014-03-21T23:06:27.409
dn: cn=audit-udp,dicomDeviceName=dcm4chee-arr,cn=Devices,cn=DICOM Configurat
 ion,dc=example,dc=com
objectClass: top
objectClass: dcmNetworkConnection
objectClass: dicomNetworkConnection
cn: audit-udp
dcmProtocol: SYSLOG_UDP
dicomHostname: 10.231.163.243
dicomPort: 514

#!RESULT OK
#!CONNECTION ldap://localhost:10389
#!DATE 2014-03-21T23:06:28.182
dn: cn=audit-tls,dicomDeviceName=dcm4chee-arr,cn=Devices,cn=DICOM Configurat
 ion,dc=example,dc=com
objectClass: top
objectClass: dcmNetworkConnection
objectClass: dicomNetworkConnection
cn: audit-tls
dcmProtocol: SYSLOG_TLS
dcmTLSNeedClientAuth: false
dcmTLSProtocol: TLSv1
dcmTLSProtocol: SSLv3
dicomHostname: 10.231.163.243
dicomPort: 6514
dicomTLSCipherSuite: TLS_RSA_WITH_AES_128_CBC_SHA

#!RESULT OK
#!CONNECTION ldap://localhost:10389
#!DATE 2014-03-21T23:06:29.813
dn: cn=CleanUpConfigurationExtension,dicomDeviceName=dcm4chee-arr,cn=Devices
 ,cn=DICOM Configuration,dc=example,dc=com
objectClass: top
objectClass: arrCleanUp
cn: CleanUpConfigurationExtension
arrCleanUpDeletePerTransaction: 2
arrCleanUpMaxRecords: 15
arrCleanUpPollInterval: 50
arrCleanUpRetentionTime: 6
arrCleanUpRetentionTimeUnit: DAYS
arrCleanUpUsesMaxRecords: true
arrCleanUpUsesRetention: true

