version: 1

#!RESULT OK
#!CONNECTION ldap://localhost:389
#!DATE 2014-12-11T18:12:22.614
dn: dicomDeviceName=dcm4chee-arr,cn=Devices,cn=DICOM Configuration,dc=exampl
 e,dc=com
objectClass: top
objectClass: dicomDevice
objectClass: dcmDevice
dicomDeviceName: dcm4chee-arr
dicomInstalled: TRUE
dcmKeyStoreKeyPin:: Y2hhbmdlaXQ=
dcmKeyStorePin:: Y2hhbmdlaXQ=
dcmKeyStoreType: JKS
dcmKeyStoreURL: ${jboss.server.config.url}/dcm4chee-arr/key.jks

#!RESULT OK
#!CONNECTION ldap://localhost:389
#!DATE 2014-12-11T18:12:22.617
dn: cn=Audit Record Repository,dicomDeviceName=dcm4chee-arr,cn=Devices,cn=DI
 COM Configuration,dc=example,dc=com
objectClass: top
objectClass: dcmAuditRecordRepository
cn: Audit Record Repository
dicomNetworkConnectionReference: cn=audit-udp,dicomDeviceName=dcm4chee-arr,c
 n=Devices,cn=DICOM Configuration,dc=example,dc=com
dicomNetworkConnectionReference: cn=audit-tls,dicomDeviceName=dcm4chee-arr,c
 n=Devices,cn=DICOM Configuration,dc=example,dc=com

#!RESULT OK
#!CONNECTION ldap://localhost:389
#!DATE 2014-12-11T18:12:22.620
dn: cn=audit-udp,dicomDeviceName=dcm4chee-arr,cn=Devices,cn=DICOM Configurat
 ion,dc=example,dc=com
objectClass: top
objectClass: dcmNetworkConnection
objectClass: dicomNetworkConnection
dicomHostname: 10.231.163.243
cn: audit-udp
dcmProtocol: SYSLOG^UDP
dicomPort: 514

#!RESULT OK
#!CONNECTION ldap://localhost:389
#!DATE 2014-12-11T18:12:22.622
dn: cn=audit-tls,dicomDeviceName=dcm4chee-arr,cn=Devices,cn=DICOM Configurat
 ion,dc=example,dc=com
objectClass: top
objectClass: dcmNetworkConnection
objectClass: dicomNetworkConnection
dicomHostname: 10.231.163.243
cn: audit-tls
dcmProtocol: SYSLOG^TLS
dcmTLSNeedClientAuth: FALSE
dcmTLSProtocol: TLSv1
dcmTLSProtocol: SSLv3
dicomPort: 6514
dicomTLSCipherSuite: TLS^RSA^WITH^AES^128^CBC^SHA


#!RESULT OK
#!CONNECTION ldap://localhost:389
#!DATE 2014-12-11T18:12:22.625
dn: cn=CleanUpConfigurationExtension,dicomDeviceName=dcm4chee-arr,cn=Devices
 ,cn=DICOM Configuration,dc=example,dc=com
objectClass: top
objectClass: arrCleanUp
arrCleanUpUsesMaxRecords: TRUE
arrCleanUpUsesRetention: TRUE
arrDefaultCleanUpPolicy: all
cn: CleanUpConfigurationExtension
arrCleanUpDeletePerTransaction: 2
arrCleanUpMaxRecords: 15
arrCleanUpPollInterval: 50
arrCleanUpRetentionTime: 6
arrCleanUpRetentionTimeUnit: DAYS

#!RESULT OK
#!CONNECTION ldap://localhost:389
#!DATE 2014-12-11T18:12:22.627
dn: cn=AuditEventsCleanUp,dicomDeviceName=dcm4chee-arr,cn=Devices,cn=DICOM C
 onfiguration,dc=example,dc=com
cn: AuditEventsCleanUp
objectClass: dcmCollection
objectClass: top

#!RESULT OK
#!CONNECTION ldap://localhost:389
#!DATE 2014-12-11T18:12:22.629
dn: cn=Audit Logger,dicomDeviceName=dcm4chee-arr,cn=Devices,cn=DICOM Configu
 ration,dc=example,dc=com
objectClass: top
objectClass: dcmAuditLogger
cn: Audit Logger
dcmAuditRecordRepositoryDeviceReference: dicomDeviceName=dcm4chee-arr,cn=Dev
 ices,cn=DICOM Configuration,dc=example,dc=com
dicomNetworkConnectionReference: cn=audit-udp,dicomDeviceName=dcm4chee-arr,c
 n=Devices,cn=DICOM Configuration,dc=example,dc=com
dcmAuditMessageSchemaURI: http://www.dcm4che.org/DICOM/audit-message.rnc
dcmAuditSourceTypeCode: 4

#!RESULT OK
#!CONNECTION ldap://localhost:389
#!DATE 2014-12-11T18:12:22.631
dn: arrEventIDTypeCode=110112^DCM,cn=AuditEventsCleanUp,dicomDeviceName=dcm4
 chee-arr,cn=Devices,cn=DICOM Configuration,dc=example,dc=com
objectClass: top
objectClass: arrEventType
arrEventIDTypeCode: 110112^DCM
arrEventTypeRetention: 1
arrEventTypeRetentionUnit: DAYS

#!RESULT OK
#!CONNECTION ldap://localhost:389
#!DATE 2014-12-11T18:12:22.633
dn: arrEventIDTypeCode=110102^DCM,cn=AuditEventsCleanUp,dicomDeviceName=dcm4
 chee-arr,cn=Devices,cn=DICOM Configuration,dc=example,dc=com
objectClass: top
objectClass: arrEventType
arrEventIDTypeCode: 110102^DCM
arrEventTypeRetention: 1
arrEventTypeRetentionUnit: DAYS

#!RESULT OK
#!CONNECTION ldap://localhost:389
#!DATE 2014-12-11T18:12:22.634
dn: arrEventIDTypeCode=110107^DCM,cn=AuditEventsCleanUp,dicomDeviceName=dcm4
 chee-arr,cn=Devices,cn=DICOM Configuration,dc=example,dc=com
objectClass: top
objectClass: arrEventType
arrEventIDTypeCode: 110107^DCM
arrEventTypeRetention: 1
arrEventTypeRetentionUnit: DAYS

#!RESULT OK
#!CONNECTION ldap://localhost:389
#!DATE 2014-12-11T18:12:22.636
dn: arrEventIDTypeCode=IHE0001^IHE,cn=AuditEventsCleanUp,dicomDeviceName=dcm
 4chee-arr,cn=Devices,cn=DICOM Configuration,dc=example,dc=com
objectClass: top
objectClass: arrEventType
arrEventIDTypeCode: IHE0001^IHE
arrEventTypeRetention: 1
arrEventTypeRetentionUnit: DAYS


#!RESULT OK
#!CONNECTION ldap://localhost:389
#!DATE 2014-12-11T18:12:22.639
dn: arrEventIDTypeCode=110105^DCM,cn=AuditEventsCleanUp,dicomDeviceName=dcm4
 chee-arr,cn=Devices,cn=DICOM Configuration,dc=example,dc=com
objectClass: top
objectClass: arrEventType
arrEventIDTypeCode: 110105^DCM
arrEventTypeRetention: 1
arrEventTypeRetentionUnit: DAYS

#!RESULT OK
#!CONNECTION ldap://localhost:389
#!DATE 2014-12-11T18:12:22.641
dn: arrEventIDTypeCode=110113^DCM,cn=AuditEventsCleanUp,dicomDeviceName=dcm4
 chee-arr,cn=Devices,cn=DICOM Configuration,dc=example,dc=com
objectClass: top
objectClass: arrEventType
arrEventIDTypeCode: 110113^DCM
arrEventTypeRetention: 1
arrEventTypeRetentionUnit: DAYS

#!RESULT OK
#!CONNECTION ldap://localhost:389
#!DATE 2014-12-11T18:12:22.643
dn: arrEventIDTypeCode=IHE0005^IHE,cn=AuditEventsCleanUp,dicomDeviceName=dcm
 4chee-arr,cn=Devices,cn=DICOM Configuration,dc=example,dc=com
objectClass: top
objectClass: arrEventType
arrEventIDTypeCode: IHE0005^IHE
arrEventTypeRetention: 1
arrEventTypeRetentionUnit: DAYS

#!RESULT OK
#!CONNECTION ldap://localhost:389
#!DATE 2014-12-11T18:12:22.645
dn: arrEventIDTypeCode=110104^DCM,cn=AuditEventsCleanUp,dicomDeviceName=dcm4
 chee-arr,cn=Devices,cn=DICOM Configuration,dc=example,dc=com
objectClass: top
objectClass: arrEventType
arrEventIDTypeCode: 110104^DCM
arrEventTypeRetention: 1
arrEventTypeRetentionUnit: DAYS

#!RESULT OK
#!CONNECTION ldap://localhost:389
#!DATE 2014-12-11T18:12:22.646
dn: arrEventIDTypeCode=110111^DCM,cn=AuditEventsCleanUp,dicomDeviceName=dcm4
 chee-arr,cn=Devices,cn=DICOM Configuration,dc=example,dc=com
objectClass: top
objectClass: arrEventType
arrEventIDTypeCode: 110111^DCM
arrEventTypeRetention: 1
arrEventTypeRetentionUnit: DAYS

#!RESULT OK
#!CONNECTION ldap://localhost:389
#!DATE 2014-12-11T18:12:22.649
dn: arrEventIDTypeCode=110101^DCM,cn=AuditEventsCleanUp,dicomDeviceName=dcm4
 chee-arr,cn=Devices,cn=DICOM Configuration,dc=example,dc=com
objectClass: top
objectClass: arrEventType
arrEventIDTypeCode: 110101^DCM
arrEventTypeRetention: 1
arrEventTypeRetentionUnit: DAYS

#!RESULT OK
#!CONNECTION ldap://localhost:389
#!DATE 2014-12-11T18:12:22.651
dn: arrEventIDTypeCode=IHE0003^IHE,cn=AuditEventsCleanUp,dicomDeviceName=dcm
 4chee-arr,cn=Devices,cn=DICOM Configuration,dc=example,dc=com
objectClass: top
objectClass: arrEventType
arrEventIDTypeCode: IHE0003^IHE
arrEventTypeRetention: 1
arrEventTypeRetentionUnit: DAYS

#!RESULT OK
#!CONNECTION ldap://localhost:389
#!DATE 2014-12-11T18:12:22.653
dn: arrEventIDTypeCode=110110^DCM,cn=AuditEventsCleanUp,dicomDeviceName=dcm4
 chee-arr,cn=Devices,cn=DICOM Configuration,dc=example,dc=com
objectClass: top
objectClass: arrEventType
arrEventIDTypeCode: 110110^DCM
arrEventTypeRetention: 1
arrEventTypeRetentionUnit: DAYS

#!RESULT OK
#!CONNECTION ldap://localhost:389
#!DATE 2014-12-11T18:12:22.654
dn: arrEventIDTypeCode=110100^DCM,cn=AuditEventsCleanUp,dicomDeviceName=dcm4
 chee-arr,cn=Devices,cn=DICOM Configuration,dc=example,dc=com
objectClass: top
objectClass: arrEventType
arrEventIDTypeCode: 110100^DCM
arrEventTypeRetention: 1
arrEventTypeRetentionUnit: DAYS

#!RESULT OK
#!CONNECTION ldap://localhost:389
#!DATE 2014-12-11T18:12:22.657
dn: arrEventIDTypeCode=IHE0004^IHE,cn=AuditEventsCleanUp,dicomDeviceName=dcm
 4chee-arr,cn=Devices,cn=DICOM Configuration,dc=example,dc=com
objectClass: top
objectClass: arrEventType
arrEventIDTypeCode: IHE0004^IHE
arrEventTypeRetention: 1
arrEventTypeRetentionUnit: DAYS

#!RESULT OK
#!CONNECTION ldap://localhost:389
#!DATE 2014-12-11T18:12:22.659
dn: arrEventIDTypeCode=IHE0002^IHE,cn=AuditEventsCleanUp,dicomDeviceName=dcm
 4chee-arr,cn=Devices,cn=DICOM Configuration,dc=example,dc=com
objectClass: top
objectClass: arrEventType
arrEventIDTypeCode: IHE0002^IHE
arrEventTypeRetention: 1
arrEventTypeRetentionUnit: DAYS

#!RESULT OK
#!CONNECTION ldap://localhost:389
#!DATE 2014-12-11T18:12:22.661
dn: arrEventIDTypeCode=110106^DCM,cn=AuditEventsCleanUp,dicomDeviceName=dcm4
 chee-arr,cn=Devices,cn=DICOM Configuration,dc=example,dc=com
objectClass: top
objectClass: arrEventType
arrEventIDTypeCode: 110106^DCM
arrEventTypeRetention: 1
arrEventTypeRetentionUnit: DAYS

#!RESULT OK
#!CONNECTION ldap://localhost:389
#!DATE 2014-12-11T18:12:22.663
dn: arrEventIDTypeCode=110114^DCM,cn=AuditEventsCleanUp,dicomDeviceName=dcm4
 chee-arr,cn=Devices,cn=DICOM Configuration,dc=example,dc=com
objectClass: top
objectClass: arrEventType
arrEventIDTypeCode: 110114^DCM
arrEventTypeRetention: 1
arrEventTypeRetentionUnit: DAYS

#!RESULT OK
#!CONNECTION ldap://localhost:389
#!DATE 2014-12-11T18:12:22.664
dn: arrEventIDTypeCode=110108^DCM,cn=AuditEventsCleanUp,dicomDeviceName=dcm4
 chee-arr,cn=Devices,cn=DICOM Configuration,dc=example,dc=com
objectClass: top
objectClass: arrEventType
arrEventIDTypeCode: 110108^DCM
arrEventTypeRetention: 1
arrEventTypeRetentionUnit: DAYS

#!RESULT OK
#!CONNECTION ldap://localhost:389
#!DATE 2014-12-11T18:12:22.666
dn: arrEventIDTypeCode=110109^DCM,cn=AuditEventsCleanUp,dicomDeviceName=dcm4
 chee-arr,cn=Devices,cn=DICOM Configuration,dc=example,dc=com
objectClass: top
objectClass: arrEventType
arrEventIDTypeCode: 110109^DCM
arrEventTypeRetention: 1
arrEventTypeRetentionUnit: DAYS

#!RESULT OK
#!CONNECTION ldap://localhost:389
#!DATE 2014-12-11T18:12:22.669
dn: arrEventIDTypeCode=110103^DCM,cn=AuditEventsCleanUp,dicomDeviceName=dcm4
 chee-arr,cn=Devices,cn=DICOM Configuration,dc=example,dc=com
objectClass: top
objectClass: arrEventType
arrEventIDTypeCode: 110103^DCM
arrEventTypeRetention: 1
arrEventTypeRetentionUnit: DAYS

